{
  "stats": {
    "suites": 1,
    "tests": 1,
    "passes": 1,
    "pending": 0,
    "failures": 0,
    "start": "2023-02-15T15:48:24.090Z",
    "end": "2023-02-15T15:48:34.117Z",
    "duration": 10027,
    "testsRegistered": 1,
    "passPercent": 100,
    "pendingPercent": 0,
    "other": 0,
    "hasOther": false,
    "skipped": 0,
    "hasSkipped": false
  },
  "results": [
    {
      "uuid": "b497440d-44b2-4cec-a010-11c1e5b0e90d",
      "title": "",
      "fullFile": "cypress\\e2e\\testScripts\\Verify_YourCart.cy.js",
      "file": "cypress\\e2e\\testScripts\\Verify_YourCart.cy.js",
      "beforeHooks": [],
      "afterHooks": [],
      "tests": [],
      "suites": [
        {
          "uuid": "229a1074-423e-4667-8c6e-1a230f2a980b",
          "title": "Your Cart page",
          "fullFile": "",
          "file": "",
          "beforeHooks": [],
          "afterHooks": [],
          "tests": [
            {
              "title": "Validating selected products are present in the Your cart",
              "fullTitle": "Your Cart page Validating selected products are present in the Your cart",
              "timedOut": null,
              "duration": 6592,
              "state": "passed",
              "speed": "medium",
              "pass": true,
              "fail": false,
              "pending": false,
              "context": null,
              "code": "const productPage = new _productPage.ProductPage();\nconst yourcartPage = new _YourCartPage.YourCartPage();\ncy.Login(this.logindata.Username, this.logindata.Password);\nproductPage.ValidateProductPage(this.productpagedata.SuccessMessage);\nproductPage.getSelectProducts(this.productpagedata.Productname);\nproductPage.getClick_CartButton();\nyourcartPage.getValidate_CheckoutPage(this.yourcartdata.YourCartLogo);\nthis.productpagedata.Productname.forEach(element => {\n  cy.validateProduct(element);\n});\nyourcartPage.getClick_CheckoutButton();",
              "err": {},
              "uuid": "2dd42a25-ae47-46fc-8b32-6971b33be625",
              "parentUUID": "229a1074-423e-4667-8c6e-1a230f2a980b",
              "isHook": false,
              "skipped": false
            }
          ],
          "suites": [],
          "passes": [
            "2dd42a25-ae47-46fc-8b32-6971b33be625"
          ],
          "failures": [],
          "pending": [],
          "skipped": [],
          "duration": 6592,
          "root": false,
          "rootEmpty": false,
          "_timeout": 2000
        }
      ],
      "passes": [],
      "failures": [],
      "pending": [],
      "skipped": [],
      "duration": 0,
      "root": true,
      "rootEmpty": true,
      "_timeout": 2000
    }
  ],
  "meta": {
    "mocha": {
      "version": "7.0.1"
    },
    "mochawesome": {
      "options": {
        "quiet": false,
        "reportFilename": "mochawesome",
        "saveHtml": false,
        "saveJson": true,
        "consoleReporter": "spec",
        "useInlineDiffs": false,
        "code": true
      },
      "version": "7.1.3"
    },
    "marge": {
      "options": {
        "chats": true,
        "overwrite": false,
        "html": false,
        "json": true,
        "reportDir": "cypress/reports"
      },
      "version": "6.2.0"
    }
  }
}