{
  "stats": {
    "suites": 1,
    "tests": 1,
    "passes": 1,
    "pending": 0,
    "failures": 0,
    "start": "2023-02-17T07:25:02.140Z",
    "end": "2023-02-17T07:25:06.936Z",
    "duration": 4796,
    "testsRegistered": 1,
    "passPercent": 100,
    "pendingPercent": 0,
    "other": 0,
    "hasOther": false,
    "skipped": 0,
    "hasSkipped": false
  },
  "results": [
    {
      "uuid": "df05b528-8292-40b0-92be-0f1254b00071",
      "title": "",
      "fullFile": "cypress\\e2e\\testScripts\\Verify_YourCart.cy.js",
      "file": "cypress\\e2e\\testScripts\\Verify_YourCart.cy.js",
      "beforeHooks": [],
      "afterHooks": [],
      "tests": [],
      "suites": [
        {
          "uuid": "dea6339d-b16d-455a-94d2-de25c80fe89a",
          "title": "Your Cart page suite",
          "fullFile": "",
          "file": "",
          "beforeHooks": [],
          "afterHooks": [],
          "tests": [
            {
              "title": "Validating selected products are present in the Your cart",
              "fullTitle": "Your Cart page suite Validating selected products are present in the Your cart",
              "timedOut": null,
              "duration": 2627,
              "state": "passed",
              "speed": "fast",
              "pass": true,
              "fail": false,
              "pending": false,
              "context": null,
              "code": "cy.Login(this.logindata.Username, this.logindata.Password);\nproductPage.getValidateProductPage(this.productpagedata.SuccessMessage);\nproductPage.getSelectProducts(this.productpagedata.Productname);\nproductPage.getClick_CartButton();\nyourcartPage.getValidate_CheckoutPage(this.yourcartdata.YourCartLogo);\nyourcartPage.getValidate_YourCartProducts(this.productpagedata.Productname);\nyourcartPage.getClick_CheckoutButton();",
              "err": {},
              "uuid": "8bb13358-7f85-464e-b35e-e21a1dfc1398",
              "parentUUID": "dea6339d-b16d-455a-94d2-de25c80fe89a",
              "isHook": false,
              "skipped": false
            }
          ],
          "suites": [],
          "passes": [
            "8bb13358-7f85-464e-b35e-e21a1dfc1398"
          ],
          "failures": [],
          "pending": [],
          "skipped": [],
          "duration": 2627,
          "root": false,
          "rootEmpty": false,
          "_timeout": 2000
        }
      ],
      "passes": [],
      "failures": [],
      "pending": [],
      "skipped": [],
      "duration": 0,
      "root": true,
      "rootEmpty": true,
      "_timeout": 2000
    }
  ],
  "meta": {
    "mocha": {
      "version": "7.0.1"
    },
    "mochawesome": {
      "options": {
        "quiet": false,
        "reportFilename": "mochawesome",
        "saveHtml": false,
        "saveJson": true,
        "consoleReporter": "spec",
        "useInlineDiffs": false,
        "code": true
      },
      "version": "7.1.3"
    },
    "marge": {
      "options": {
        "chats": true,
        "overwrite": false,
        "html": false,
        "json": true,
        "reportDir": "cypress/reports"
      },
      "version": "6.2.0"
    }
  }
}