{
  "stats": {
    "suites": 1,
    "tests": 1,
    "passes": 1,
    "pending": 0,
    "failures": 0,
    "start": "2023-02-17T07:00:27.043Z",
    "end": "2023-02-17T07:00:33.011Z",
    "duration": 5968,
    "testsRegistered": 1,
    "passPercent": 100,
    "pendingPercent": 0,
    "other": 0,
    "hasOther": false,
    "skipped": 0,
    "hasSkipped": false
  },
  "results": [
    {
      "uuid": "17f5cf40-8e67-48a8-8d60-672bacbb3eb0",
      "title": "",
      "fullFile": "cypress\\e2e\\testScripts\\Verify_UserInformation.cy.js",
      "file": "cypress\\e2e\\testScripts\\Verify_UserInformation.cy.js",
      "beforeHooks": [],
      "afterHooks": [],
      "tests": [],
      "suites": [
        {
          "uuid": "e2eebce6-b7d9-46c6-ab56-15fd7c09c542",
          "title": "Information page suite",
          "fullFile": "",
          "file": "",
          "beforeHooks": [],
          "afterHooks": [],
          "tests": [
            {
              "title": "Verify user can provide information in the Information page",
              "fullTitle": "Information page suite Verify user can provide information in the Information page",
              "timedOut": null,
              "duration": 3766,
              "state": "passed",
              "speed": "fast",
              "pass": true,
              "fail": false,
              "pending": false,
              "context": null,
              "code": "cy.Login(this.logindata.Username, this.logindata.Password);\nproductPage.getValidateProductPage(this.productpagedata.SuccessMessage);\nproductPage.getSelectProducts(this.productpagedata.Productname);\nproductPage.getClick_CartButton();\nyourcartPage.getValidate_CheckoutPage(this.yourcartdata.YourCartLogo);\nyourcartPage.getValidate_YourCartProducts(this.productpagedata.Productname);\nyourcartPage.getClick_CheckoutButton();\ninformationPage.getValidate_Informationpage(this.informationpagedata.OverviewMessage);\ninformationPage.getInformation(this.informationpagedata.Firstname, this.informationpagedata.Lastname, this.informationpagedata.ZipCode);\ninformationPage.getClick_Continue();",
              "err": {},
              "uuid": "38114b92-5e0d-4c91-868e-c2c8ab5e596b",
              "parentUUID": "e2eebce6-b7d9-46c6-ab56-15fd7c09c542",
              "isHook": false,
              "skipped": false
            }
          ],
          "suites": [],
          "passes": [
            "38114b92-5e0d-4c91-868e-c2c8ab5e596b"
          ],
          "failures": [],
          "pending": [],
          "skipped": [],
          "duration": 3766,
          "root": false,
          "rootEmpty": false,
          "_timeout": 2000
        }
      ],
      "passes": [],
      "failures": [],
      "pending": [],
      "skipped": [],
      "duration": 0,
      "root": true,
      "rootEmpty": true,
      "_timeout": 2000
    }
  ],
  "meta": {
    "mocha": {
      "version": "7.0.1"
    },
    "mochawesome": {
      "options": {
        "quiet": false,
        "reportFilename": "mochawesome",
        "saveHtml": false,
        "saveJson": true,
        "consoleReporter": "spec",
        "useInlineDiffs": false,
        "code": true
      },
      "version": "7.1.3"
    },
    "marge": {
      "options": {
        "chats": true,
        "overwrite": false,
        "html": false,
        "json": true,
        "reportDir": "cypress/reports"
      },
      "version": "6.2.0"
    }
  }
}