{
  "stats": {
    "suites": 1,
    "tests": 1,
    "passes": 0,
    "pending": 0,
    "failures": 1,
    "start": "2023-02-16T13:01:46.525Z",
    "end": "2023-02-16T13:01:56.919Z",
    "duration": 10394,
    "testsRegistered": 1,
    "passPercent": 0,
    "pendingPercent": 0,
    "other": 1,
    "hasOther": true,
    "skipped": 0,
    "hasSkipped": false
  },
  "results": [
    {
      "uuid": "2b30223e-dc44-4a89-95ab-2b24a0e8c87b",
      "title": "",
      "fullFile": "cypress\\e2e\\testScripts\\Verify_Completepage.cy.js",
      "file": "cypress\\e2e\\testScripts\\Verify_Completepage.cy.js",
      "beforeHooks": [],
      "afterHooks": [],
      "tests": [],
      "suites": [
        {
          "uuid": "b58215cf-0982-4ab8-a0cd-207ecd9ae3c9",
          "title": "Complete Page",
          "fullFile": "",
          "file": "",
          "beforeHooks": [],
          "afterHooks": [],
          "tests": [
            {
              "title": "validating Thanks message",
              "fullTitle": "Complete Page validating Thanks message",
              "timedOut": null,
              "duration": 533,
              "state": "failed",
              "speed": null,
              "pass": false,
              "fail": true,
              "pending": false,
              "context": null,
              "code": "cy.Login(this.logindata.Username, this.logindata.Password);\nproductPage.ValidateProductPage(this.productpagedata.SuccessMessage);\nproductPage.getSelectProducts(this.productpagedata.Productname);\nproductPage.getClick_CartButton();\nyourcartPage.getValidate_CheckoutPage(this.yourcartdata.YourCartLogo);\nyourcartPage.getValidate_YourCartProducts(this.productpagedata.Productname);\nyourcartPage.getClick_CheckoutButton();\ninformationPage.getValidate_Informationpage(this.informationpagedata.OverviewMessage);\ninformationPage.getInformation(this.informationpagedata.Firstname, this.informationpagedata.Lastname, this.informationpagedata.ZipCode);\ninformationPage.getClick_Continue();\ncheckoutOverview.getValidate_CheckoutOverview();\ncheckoutOverview.getValidate_ProductQuantity(this.overviewdata.productQuantity);\ncheckoutOverview.getValidate_TotalPrice();\ncheckoutOverview.getClick_FinishButton();\ncompletePage.getValidate_CompleteLabel();\ncompletePage.getValidate_ThanksMessage();",
              "err": {
                "message": "AssertionError: expected '<a#logout_sidebar_link.bm-item.menu-item>' to be 'visible'\n\nThis element `<a#logout_sidebar_link.bm-item.menu-item>` is not visible because its ancestor has `position: fixed` CSS property and it is overflowed by other elements. How about scrolling to the element with `cy.scrollIntoView()`?\n\nBecause this error occurred during a `after each` hook we are skipping the remaining tests in the current suite: `Complete Page`",
                "estack": "AssertionError: expected '<a#logout_sidebar_link.bm-item.menu-item>' to be 'visible'\n\nThis element `<a#logout_sidebar_link.bm-item.menu-item>` is not visible because its ancestor has `position: fixed` CSS property and it is overflowed by other elements. How about scrolling to the element with `cy.scrollIntoView()`?\n\nBecause this error occurred during a `after each` hook we are skipping the remaining tests in the current suite: `Complete Page`\n    at LogoutPage.getClick_LogoutOption (webpack:///./cypress/Pages/LogoutPage.js:12:33)\n    at Context.eval (webpack:///./cypress/support/commands.js:37:11)",
                "diff": null
              },
              "uuid": "a5fb7009-5dc5-47c6-9207-f24940de6404",
              "parentUUID": "b58215cf-0982-4ab8-a0cd-207ecd9ae3c9",
              "isHook": false,
              "skipped": false
            }
          ],
          "suites": [],
          "passes": [],
          "failures": [
            "a5fb7009-5dc5-47c6-9207-f24940de6404"
          ],
          "pending": [],
          "skipped": [],
          "duration": 533,
          "root": false,
          "rootEmpty": false,
          "_timeout": 2000
        }
      ],
      "passes": [],
      "failures": [],
      "pending": [],
      "skipped": [],
      "duration": 0,
      "root": true,
      "rootEmpty": true,
      "_timeout": 2000
    }
  ],
  "meta": {
    "mocha": {
      "version": "7.0.1"
    },
    "mochawesome": {
      "options": {
        "quiet": false,
        "reportFilename": "mochawesome",
        "saveHtml": false,
        "saveJson": true,
        "consoleReporter": "spec",
        "useInlineDiffs": false,
        "code": true
      },
      "version": "7.1.3"
    },
    "marge": {
      "options": {
        "chats": true,
        "overwrite": false,
        "html": false,
        "json": true,
        "reportDir": "cypress/reports"
      },
      "version": "6.2.0"
    }
  }
}