{
  "stats": {
    "suites": 1,
    "tests": 1,
    "passes": 1,
    "pending": 0,
    "failures": 0,
    "start": "2023-02-16T13:15:26.162Z",
    "end": "2023-02-16T13:15:32.938Z",
    "duration": 6776,
    "testsRegistered": 1,
    "passPercent": 100,
    "pendingPercent": 0,
    "other": 0,
    "hasOther": false,
    "skipped": 0,
    "hasSkipped": false
  },
  "results": [
    {
      "uuid": "007c560f-77dd-4916-b735-d001c6680ac0",
      "title": "",
      "fullFile": "cypress\\e2e\\testScripts\\Verify_SelectProduct.cy.js",
      "file": "cypress\\e2e\\testScripts\\Verify_SelectProduct.cy.js",
      "beforeHooks": [],
      "afterHooks": [],
      "tests": [],
      "suites": [
        {
          "uuid": "af24c9a2-2483-4661-86f7-6e7072d0a70b",
          "title": "product page",
          "fullFile": "",
          "file": "",
          "beforeHooks": [],
          "afterHooks": [],
          "tests": [
            {
              "title": "Selecting multiple products",
              "fullTitle": "product page Selecting multiple products",
              "timedOut": null,
              "duration": 3922,
              "state": "passed",
              "speed": "fast",
              "pass": true,
              "fail": false,
              "pending": false,
              "context": null,
              "code": "cy.Login(this.logindata.Username, this.logindata.Password);\nproductPage.ValidateProductPage(this.productpagedata.SuccessMessage);\nproductPage.getSelectProducts(this.productpagedata.Productname);\nproductPage.getClick_CartButton();",
              "err": {},
              "uuid": "68709c9c-4017-42bf-a4a5-506ca8168f84",
              "parentUUID": "af24c9a2-2483-4661-86f7-6e7072d0a70b",
              "isHook": false,
              "skipped": false
            }
          ],
          "suites": [],
          "passes": [
            "68709c9c-4017-42bf-a4a5-506ca8168f84"
          ],
          "failures": [],
          "pending": [],
          "skipped": [],
          "duration": 3922,
          "root": false,
          "rootEmpty": false,
          "_timeout": 2000
        }
      ],
      "passes": [],
      "failures": [],
      "pending": [],
      "skipped": [],
      "duration": 0,
      "root": true,
      "rootEmpty": true,
      "_timeout": 2000
    }
  ],
  "meta": {
    "mocha": {
      "version": "7.0.1"
    },
    "mochawesome": {
      "options": {
        "quiet": false,
        "reportFilename": "mochawesome",
        "saveHtml": false,
        "saveJson": true,
        "consoleReporter": "spec",
        "useInlineDiffs": false,
        "code": true
      },
      "version": "7.1.3"
    },
    "marge": {
      "options": {
        "chats": true,
        "overwrite": false,
        "html": false,
        "json": true,
        "reportDir": "cypress/reports"
      },
      "version": "6.2.0"
    }
  }
}