{
  "stats": {
    "suites": 1,
    "tests": 1,
    "passes": 0,
    "pending": 0,
    "failures": 1,
    "start": "2023-02-15T13:12:33.236Z",
    "end": "2023-02-15T13:12:43.073Z",
    "duration": 9837,
    "testsRegistered": 1,
    "passPercent": 0,
    "pendingPercent": 0,
    "other": 0,
    "hasOther": false,
    "skipped": 0,
    "hasSkipped": false
  },
  "results": [
    {
      "uuid": "ac46cdc8-b5ed-42a0-a636-d89cd46993b2",
      "title": "",
      "fullFile": "cypress\\e2e\\testScripts\\Verify_Logout.cy.js",
      "file": "cypress\\e2e\\testScripts\\Verify_Logout.cy.js",
      "beforeHooks": [],
      "afterHooks": [],
      "tests": [],
      "suites": [
        {
          "uuid": "a257069f-7a40-4ab5-8657-fd4252e25ead",
          "title": "product page",
          "fullFile": "",
          "file": "",
          "beforeHooks": [],
          "afterHooks": [],
          "tests": [
            {
              "title": "verify user can logout successfully,, after completing purchase",
              "fullTitle": "product page verify user can logout successfully,, after completing purchase",
              "timedOut": null,
              "duration": 7616,
              "state": "failed",
              "speed": null,
              "pass": false,
              "fail": true,
              "pending": false,
              "context": null,
              "code": "const productPage = new _productPage.ProductPage();\nconst yourcartPage = new _YourCartPage.YourCartPage();\nconst informationPage = new _InformationPage.InformationPage();\nconst checkoutOverview = new _Checkout_OverviewPage.Checkout_OverviewPage();\nconst completePage = new _Checkout_CompletePage.Checkout_Completepage();\nconst backHome = new _BackHomePage.BackHomePage();\nconst logout = new _LogoutPage.LogoutPage();\ncy.Login(this.logindata.Username, this.logindata.Password);\nproductPage.ValidateProductPage(this.productpagedata.SuccessMessage);\nproductPage.getSelectProducts(this.productpagedata.Productname);\nproductPage.getClick_CartButton();\nyourcartPage.getValidate_CheckoutPage(this.yourcartdata.YourCartLogo);\nthis.productpagedata.Productname.forEach(element => {\n  cy.validateProduct(element);\n});\nyourcartPage.getClick_CheckoutButton();\ninformationPage.getValidate_Informationpage(this.informationpagedata.OverviewMessage);\ninformationPage.getInformation(this.informationpagedata.Firstname, this.informationpagedata.Lastname, this.informationpagedata.ZipCode);\ninformationPage.getClick_Continue();\ncheckoutOverview.getValidate_CheckoutOverview();\ncheckoutOverview.getValidate_ProductQuantity();\ncheckoutOverview.getValidate_TotalPrice();\ncheckoutOverview.getClick_FinishButton();\ncompletePage.getValidate_CompleteLabel();\ncompletePage.getValidate_ThanksMessage();\nbackHome.getClick_BackHomeButton();\nbackHome.getValidate_ProductLabel(this.productpagedata.SuccessMessage);\nlogout.getClick_BurgerMenu();\nlogout.getClick_LogoutOption();\nlogout.getValidate_SwagLabLogo();",
              "err": {
                "message": "AssertionError: expected 114.44 to equal 114.44000000000001",
                "estack": "AssertionError: expected 114.44 to equal 114.44000000000001\n    at Context.eval (webpack:///./cypress/Pages/Checkout_OverviewPage.js:53:45)",
                "diff": "- 114.44\n+ 114.44000000000001\n"
              },
              "uuid": "d5d516f2-8fc3-4a40-9e61-1a073f1ff09a",
              "parentUUID": "a257069f-7a40-4ab5-8657-fd4252e25ead",
              "isHook": false,
              "skipped": false
            }
          ],
          "suites": [],
          "passes": [],
          "failures": [
            "d5d516f2-8fc3-4a40-9e61-1a073f1ff09a"
          ],
          "pending": [],
          "skipped": [],
          "duration": 7616,
          "root": false,
          "rootEmpty": false,
          "_timeout": 2000
        }
      ],
      "passes": [],
      "failures": [],
      "pending": [],
      "skipped": [],
      "duration": 0,
      "root": true,
      "rootEmpty": true,
      "_timeout": 2000
    }
  ],
  "meta": {
    "mocha": {
      "version": "7.0.1"
    },
    "mochawesome": {
      "options": {
        "quiet": false,
        "reportFilename": "mochawesome",
        "saveHtml": false,
        "saveJson": true,
        "consoleReporter": "spec",
        "useInlineDiffs": false,
        "code": true
      },
      "version": "7.1.3"
    },
    "marge": {
      "options": {
        "chats": true,
        "overwrite": false,
        "html": false,
        "json": true,
        "reportDir": "cypress/reports"
      },
      "version": "6.2.0"
    }
  }
}