{
  "stats": {
    "suites": 1,
    "tests": 1,
    "passes": 0,
    "pending": 0,
    "failures": 1,
    "start": "2023-02-16T06:09:49.508Z",
    "end": "2023-02-16T06:09:58.371Z",
    "duration": 8863,
    "testsRegistered": 1,
    "passPercent": 0,
    "pendingPercent": 0,
    "other": 0,
    "hasOther": false,
    "skipped": 0,
    "hasSkipped": false
  },
  "results": [
    {
      "uuid": "87c64351-88e1-45ca-8995-640c06ca8b9c",
      "title": "",
      "fullFile": "cypress\\e2e\\testScripts\\Verify_Login.cy.js",
      "file": "cypress\\e2e\\testScripts\\Verify_Login.cy.js",
      "beforeHooks": [],
      "afterHooks": [],
      "tests": [],
      "suites": [
        {
          "uuid": "e35087ab-b2e5-40f9-b39b-c0e092289c2c",
          "title": "Login suite",
          "fullFile": "",
          "file": "",
          "beforeHooks": [],
          "afterHooks": [],
          "tests": [
            {
              "title": "verify login",
              "fullTitle": "Login suite verify login",
              "timedOut": null,
              "duration": 5050,
              "state": "failed",
              "speed": null,
              "pass": false,
              "fail": true,
              "pending": false,
              "context": null,
              "code": "cy.Login(this.logindata.Username, this.logindata.Password);\nproductPage.ValidateProductPage(this.logindata.SuccessMessage);",
              "err": {
                "message": "AssertionError: Timed out retrying after 4000ms: Expected to find element: `#logout_sidebar_link:visible`, but never found it.\n\nBecause this error occurred during a `after all` hook we are skipping the remaining tests in the current suite: `Login suite`",
                "estack": "AssertionError: Timed out retrying after 4000ms: Expected to find element: `#logout_sidebar_link:visible`, but never found it.\n\nBecause this error occurred during a `after all` hook we are skipping the remaining tests in the current suite: `Login suite`\n    at LogoutPage.getValidate_Logout (webpack:///./cypress/Pages/LogoutPage.js:9:28)\n    at Context.eval (webpack:///./cypress/e2e/testScripts/Verify_Login.cy.js:22:15)",
                "diff": null
              },
              "uuid": "96db2b78-12d7-438b-b430-a18da4f8a44f",
              "parentUUID": "e35087ab-b2e5-40f9-b39b-c0e092289c2c",
              "isHook": false,
              "skipped": false
            }
          ],
          "suites": [],
          "passes": [],
          "failures": [
            "96db2b78-12d7-438b-b430-a18da4f8a44f"
          ],
          "pending": [],
          "skipped": [],
          "duration": 5050,
          "root": false,
          "rootEmpty": false,
          "_timeout": 2000
        }
      ],
      "passes": [],
      "failures": [],
      "pending": [],
      "skipped": [],
      "duration": 0,
      "root": true,
      "rootEmpty": true,
      "_timeout": 2000
    }
  ],
  "meta": {
    "mocha": {
      "version": "7.0.1"
    },
    "mochawesome": {
      "options": {
        "quiet": false,
        "reportFilename": "mochawesome",
        "saveHtml": false,
        "saveJson": true,
        "consoleReporter": "spec",
        "useInlineDiffs": false,
        "code": true
      },
      "version": "7.1.3"
    },
    "marge": {
      "options": {
        "chats": true,
        "overwrite": false,
        "html": false,
        "json": true,
        "reportDir": "cypress/reports"
      },
      "version": "6.2.0"
    }
  }
}