{
  "stats": {
    "suites": 1,
    "tests": 1,
    "passes": 1,
    "pending": 0,
    "failures": 0,
    "start": "2023-02-16T06:19:23.258Z",
    "end": "2023-02-16T06:19:29.842Z",
    "duration": 6584,
    "testsRegistered": 1,
    "passPercent": 100,
    "pendingPercent": 0,
    "other": 0,
    "hasOther": false,
    "skipped": 0,
    "hasSkipped": false
  },
  "results": [
    {
      "uuid": "af5666a8-a9ee-4b99-8243-0148ffb97b04",
      "title": "",
      "fullFile": "cypress\\e2e\\testScripts\\Verify_YourCart.cy.js",
      "file": "cypress\\e2e\\testScripts\\Verify_YourCart.cy.js",
      "beforeHooks": [],
      "afterHooks": [],
      "tests": [],
      "suites": [
        {
          "uuid": "eb92f3d1-4059-451e-acb9-bc80012ef460",
          "title": "Your Cart page",
          "fullFile": "",
          "file": "",
          "beforeHooks": [],
          "afterHooks": [],
          "tests": [
            {
              "title": "Validating selected products are present in the Your cart",
              "fullTitle": "Your Cart page Validating selected products are present in the Your cart",
              "timedOut": null,
              "duration": 3836,
              "state": "passed",
              "speed": "fast",
              "pass": true,
              "fail": false,
              "pending": false,
              "context": null,
              "code": "cy.Login(this.logindata.Username, this.logindata.Password);\nproductPage.ValidateProductPage(this.productpagedata.SuccessMessage);\nproductPage.getSelectProducts(this.productpagedata.Productname);\nproductPage.getClick_CartButton();\nyourcartPage.getValidate_CheckoutPage(this.yourcartdata.YourCartLogo);\nthis.productpagedata.Productname.forEach(element => {\n  cy.validateProduct(element);\n});\nyourcartPage.getClick_CheckoutButton();",
              "err": {},
              "uuid": "54230e01-2272-4f3d-8c17-10a63c0465aa",
              "parentUUID": "eb92f3d1-4059-451e-acb9-bc80012ef460",
              "isHook": false,
              "skipped": false
            }
          ],
          "suites": [],
          "passes": [
            "54230e01-2272-4f3d-8c17-10a63c0465aa"
          ],
          "failures": [],
          "pending": [],
          "skipped": [],
          "duration": 3836,
          "root": false,
          "rootEmpty": false,
          "_timeout": 2000
        }
      ],
      "passes": [],
      "failures": [],
      "pending": [],
      "skipped": [],
      "duration": 0,
      "root": true,
      "rootEmpty": true,
      "_timeout": 2000
    }
  ],
  "meta": {
    "mocha": {
      "version": "7.0.1"
    },
    "mochawesome": {
      "options": {
        "quiet": false,
        "reportFilename": "mochawesome",
        "saveHtml": false,
        "saveJson": true,
        "consoleReporter": "spec",
        "useInlineDiffs": false,
        "code": true
      },
      "version": "7.1.3"
    },
    "marge": {
      "options": {
        "chats": true,
        "overwrite": false,
        "html": false,
        "json": true,
        "reportDir": "cypress/reports"
      },
      "version": "6.2.0"
    }
  }
}