{
  "stats": {
    "suites": 1,
    "tests": 1,
    "passes": 1,
    "pending": 0,
    "failures": 0,
    "start": "2023-02-15T13:12:23.056Z",
    "end": "2023-02-15T13:12:27.581Z",
    "duration": 4525,
    "testsRegistered": 1,
    "passPercent": 100,
    "pendingPercent": 0,
    "other": 0,
    "hasOther": false,
    "skipped": 0,
    "hasSkipped": false
  },
  "results": [
    {
      "uuid": "4593ecad-9fa7-409f-9aac-d3b99d5732cd",
      "title": "",
      "fullFile": "cypress\\e2e\\testScripts\\Verify_Login.cy.js",
      "file": "cypress\\e2e\\testScripts\\Verify_Login.cy.js",
      "beforeHooks": [],
      "afterHooks": [],
      "tests": [],
      "suites": [
        {
          "uuid": "88132a6d-c1f5-4e06-86dd-8f275775fb38",
          "title": "Login suite",
          "fullFile": "",
          "file": "",
          "beforeHooks": [],
          "afterHooks": [],
          "tests": [
            {
              "title": "verify login",
              "fullTitle": "Login suite verify login",
              "timedOut": null,
              "duration": 1904,
              "state": "passed",
              "speed": "fast",
              "pass": true,
              "fail": false,
              "pending": false,
              "context": null,
              "code": "const productPage = new _productPage.ProductPage();\ncy.Login(this.logindata.Username, this.logindata.Password);\nproductPage.ValidateProductPage(this.logindata.SuccessMessage);",
              "err": {},
              "uuid": "71040535-d9f8-4ec5-ad9f-78ea8091f732",
              "parentUUID": "88132a6d-c1f5-4e06-86dd-8f275775fb38",
              "isHook": false,
              "skipped": false
            }
          ],
          "suites": [],
          "passes": [
            "71040535-d9f8-4ec5-ad9f-78ea8091f732"
          ],
          "failures": [],
          "pending": [],
          "skipped": [],
          "duration": 1904,
          "root": false,
          "rootEmpty": false,
          "_timeout": 2000
        }
      ],
      "passes": [],
      "failures": [],
      "pending": [],
      "skipped": [],
      "duration": 0,
      "root": true,
      "rootEmpty": true,
      "_timeout": 2000
    }
  ],
  "meta": {
    "mocha": {
      "version": "7.0.1"
    },
    "mochawesome": {
      "options": {
        "quiet": false,
        "reportFilename": "mochawesome",
        "saveHtml": false,
        "saveJson": true,
        "consoleReporter": "spec",
        "useInlineDiffs": false,
        "code": true
      },
      "version": "7.1.3"
    },
    "marge": {
      "options": {
        "chats": true,
        "overwrite": false,
        "html": false,
        "json": true,
        "reportDir": "cypress/reports"
      },
      "version": "6.2.0"
    }
  }
}