{
  "stats": {
    "suites": 1,
    "tests": 1,
    "passes": 1,
    "pending": 0,
    "failures": 0,
    "start": "2023-02-17T07:24:55.995Z",
    "end": "2023-02-17T07:25:00.136Z",
    "duration": 4141,
    "testsRegistered": 1,
    "passPercent": 100,
    "pendingPercent": 0,
    "other": 0,
    "hasOther": false,
    "skipped": 0,
    "hasSkipped": false
  },
  "results": [
    {
      "uuid": "6992d626-afb8-474d-851a-7595ab987eb4",
      "title": "",
      "fullFile": "cypress\\e2e\\testScripts\\Verify_UserLogin.cy.js",
      "file": "cypress\\e2e\\testScripts\\Verify_UserLogin.cy.js",
      "beforeHooks": [],
      "afterHooks": [],
      "tests": [],
      "suites": [
        {
          "uuid": "14711d90-9f4d-4d5d-ac86-c3b1147d1115",
          "title": "Login suite",
          "fullFile": "",
          "file": "",
          "beforeHooks": [],
          "afterHooks": [],
          "tests": [
            {
              "title": "verify login",
              "fullTitle": "Login suite verify login",
              "timedOut": null,
              "duration": 1775,
              "state": "passed",
              "speed": "fast",
              "pass": true,
              "fail": false,
              "pending": false,
              "context": null,
              "code": "cy.Login(this.logindata.Username, this.logindata.Password);\nproductPage.getValidateProductPage(this.logindata.SuccessMessage);",
              "err": {},
              "uuid": "b1a07bde-4eaf-450e-ba21-f88ba550dc83",
              "parentUUID": "14711d90-9f4d-4d5d-ac86-c3b1147d1115",
              "isHook": false,
              "skipped": false
            }
          ],
          "suites": [],
          "passes": [
            "b1a07bde-4eaf-450e-ba21-f88ba550dc83"
          ],
          "failures": [],
          "pending": [],
          "skipped": [],
          "duration": 1775,
          "root": false,
          "rootEmpty": false,
          "_timeout": 2000
        }
      ],
      "passes": [],
      "failures": [],
      "pending": [],
      "skipped": [],
      "duration": 0,
      "root": true,
      "rootEmpty": true,
      "_timeout": 2000
    }
  ],
  "meta": {
    "mocha": {
      "version": "7.0.1"
    },
    "mochawesome": {
      "options": {
        "quiet": false,
        "reportFilename": "mochawesome",
        "saveHtml": false,
        "saveJson": true,
        "consoleReporter": "spec",
        "useInlineDiffs": false,
        "code": true
      },
      "version": "7.1.3"
    },
    "marge": {
      "options": {
        "chats": true,
        "overwrite": false,
        "html": false,
        "json": true,
        "reportDir": "cypress/reports"
      },
      "version": "6.2.0"
    }
  }
}