{
  "stats": {
    "suites": 1,
    "tests": 1,
    "passes": 0,
    "pending": 0,
    "failures": 1,
    "start": "2023-02-16T06:07:10.115Z",
    "end": "2023-02-16T06:07:16.122Z",
    "duration": 6007,
    "testsRegistered": 1,
    "passPercent": 0,
    "pendingPercent": 0,
    "other": 0,
    "hasOther": false,
    "skipped": 0,
    "hasSkipped": false
  },
  "results": [
    {
      "uuid": "f3bbdebb-08f3-4f37-8d6f-d07a69aecdc3",
      "title": "",
      "fullFile": "cypress\\e2e\\testScripts\\Verify_Information.cy.js",
      "file": "cypress\\e2e\\testScripts\\Verify_Information.cy.js",
      "beforeHooks": [],
      "afterHooks": [],
      "tests": [],
      "suites": [
        {
          "uuid": "e5f26dc7-73f4-46c0-ba47-b22fd9c8bec5",
          "title": "Information page",
          "fullFile": "",
          "file": "",
          "beforeHooks": [],
          "afterHooks": [],
          "tests": [
            {
              "title": "Verify user can provide information in the Information page",
              "fullTitle": "Information page Verify user can provide information in the Information page",
              "timedOut": null,
              "duration": 223,
              "state": "failed",
              "speed": null,
              "pass": false,
              "fail": true,
              "pending": false,
              "context": null,
              "code": "const productPage = new _productPage.ProductPage();\nconst yourcartPage = new _YourCartPage.YourCartPage();\nconst informationPage = new _InformationPage.InformationPage();\nconst logout = new _LogoutPage.LogoutPage();\ncy.Login(this.logindata.Username, this.logindata.Password);\nproductPage.ValidateProductPage(this.productpagedata.SuccessMessage);\nproductPage.getSelectProducts(this.productpagedata.Productname);\nproductPage.getClick_CartButton();\nyourcartPage.getValidate_CheckoutPage(this.yourcartdata.YourCartLogo);\nthis.productpagedata.Productname.forEach(element => {\n  cy.validateProduct(element);\n});\nyourcartPage.getClick_CheckoutButton();\ninformationPage.getValidate_Informationpage(this.informationpagedata.OverviewMessage);\ninformationPage.getInformation(this.informationpagedata.Firstname, this.informationpagedata.Lastname, this.informationpagedata.ZipCode);\ninformationPage.getClick_Continue();",
              "err": {
                "message": "ReferenceError: logout is not defined\n\nBecause this error occurred during a `after all` hook we are skipping the remaining tests in the current suite: `Information page`",
                "estack": "ReferenceError: logout is not defined\n\nBecause this error occurred during a `after all` hook we are skipping the remaining tests in the current suite: `Information page`\n    at Context.eval (webpack:///./cypress/e2e/testScripts/Verify_Information.cy.js:43:8)",
                "diff": null
              },
              "uuid": "4cd0cfdd-3729-4c4a-92a9-ecf35c064b8b",
              "parentUUID": "e5f26dc7-73f4-46c0-ba47-b22fd9c8bec5",
              "isHook": false,
              "skipped": false
            }
          ],
          "suites": [],
          "passes": [],
          "failures": [
            "4cd0cfdd-3729-4c4a-92a9-ecf35c064b8b"
          ],
          "pending": [],
          "skipped": [],
          "duration": 223,
          "root": false,
          "rootEmpty": false,
          "_timeout": 2000
        }
      ],
      "passes": [],
      "failures": [],
      "pending": [],
      "skipped": [],
      "duration": 0,
      "root": true,
      "rootEmpty": true,
      "_timeout": 2000
    }
  ],
  "meta": {
    "mocha": {
      "version": "7.0.1"
    },
    "mochawesome": {
      "options": {
        "quiet": false,
        "reportFilename": "mochawesome",
        "saveHtml": false,
        "saveJson": true,
        "consoleReporter": "spec",
        "useInlineDiffs": false,
        "code": true
      },
      "version": "7.1.3"
    },
    "marge": {
      "options": {
        "chats": true,
        "overwrite": false,
        "html": false,
        "json": true,
        "reportDir": "cypress/reports"
      },
      "version": "6.2.0"
    }
  }
}