{
  "stats": {
    "suites": 1,
    "tests": 1,
    "passes": 1,
    "pending": 0,
    "failures": 0,
    "start": "2023-02-16T13:13:53.019Z",
    "end": "2023-02-16T13:14:09.061Z",
    "duration": 16042,
    "testsRegistered": 1,
    "passPercent": 100,
    "pendingPercent": 0,
    "other": 0,
    "hasOther": false,
    "skipped": 0,
    "hasSkipped": false
  },
  "results": [
    {
      "uuid": "b2f44ec1-537c-4ef4-907f-1e971a8e504f",
      "title": "",
      "fullFile": "cypress\\e2e\\testScripts\\Verify_BackHome.cy.js",
      "file": "cypress\\e2e\\testScripts\\Verify_BackHome.cy.js",
      "beforeHooks": [],
      "afterHooks": [],
      "tests": [],
      "suites": [
        {
          "uuid": "2f81de2e-1f02-490a-8ab5-dd5e2c71e5c4",
          "title": "Back to HomePage",
          "fullFile": "",
          "file": "",
          "beforeHooks": [],
          "afterHooks": [],
          "tests": [
            {
              "title": "After purchasing the products, user can navigate to Homepage",
              "fullTitle": "Back to HomePage After purchasing the products, user can navigate to Homepage",
              "timedOut": null,
              "duration": 10943,
              "state": "passed",
              "speed": "slow",
              "pass": true,
              "fail": false,
              "pending": false,
              "context": null,
              "code": "cy.Login(this.logindata.Username, this.logindata.Password);\nproductPage.ValidateProductPage(this.productpagedata.SuccessMessage);\nproductPage.getSelectProducts(this.productpagedata.Productname);\nproductPage.getClick_CartButton();\nyourcartPage.getValidate_CheckoutPage(this.yourcartdata.YourCartLogo);\nyourcartPage.getValidate_YourCartProducts(this.productpagedata.Productname);\nyourcartPage.getClick_CheckoutButton();\ninformationPage.getValidate_Informationpage(this.informationpagedata.OverviewMessage);\ninformationPage.getInformation(this.informationpagedata.Firstname, this.informationpagedata.Lastname, this.informationpagedata.ZipCode);\ninformationPage.getClick_Continue();\ncheckoutOverview.getValidate_CheckoutOverview();\ncheckoutOverview.getValidate_ProductQuantity(this.overviewdata.productQuantity);\ncheckoutOverview.getValidate_TotalPrice();\ncheckoutOverview.getClick_FinishButton();\nbackHome.getClick_BackHomeButton();\nbackHome.getValidate_ProductLabel(this.productpagedata.SuccessMessage);",
              "err": {},
              "uuid": "0c7a0185-f53e-4ec5-8d31-b7026dc2575c",
              "parentUUID": "2f81de2e-1f02-490a-8ab5-dd5e2c71e5c4",
              "isHook": false,
              "skipped": false
            }
          ],
          "suites": [],
          "passes": [
            "0c7a0185-f53e-4ec5-8d31-b7026dc2575c"
          ],
          "failures": [],
          "pending": [],
          "skipped": [],
          "duration": 10943,
          "root": false,
          "rootEmpty": false,
          "_timeout": 2000
        }
      ],
      "passes": [],
      "failures": [],
      "pending": [],
      "skipped": [],
      "duration": 0,
      "root": true,
      "rootEmpty": true,
      "_timeout": 2000
    }
  ],
  "meta": {
    "mocha": {
      "version": "7.0.1"
    },
    "mochawesome": {
      "options": {
        "quiet": false,
        "reportFilename": "mochawesome",
        "saveHtml": false,
        "saveJson": true,
        "consoleReporter": "spec",
        "useInlineDiffs": false,
        "code": true
      },
      "version": "7.1.3"
    },
    "marge": {
      "options": {
        "chats": true,
        "overwrite": false,
        "html": false,
        "json": true,
        "reportDir": "cypress/reports"
      },
      "version": "6.2.0"
    }
  }
}