{
  "stats": {
    "suites": 1,
    "tests": 1,
    "passes": 0,
    "pending": 0,
    "failures": 1,
    "start": "2023-02-16T07:06:10.248Z",
    "end": "2023-02-16T07:06:29.822Z",
    "duration": 19574,
    "testsRegistered": 1,
    "passPercent": 0,
    "pendingPercent": 0,
    "other": 0,
    "hasOther": false,
    "skipped": 0,
    "hasSkipped": false
  },
  "results": [
    {
      "uuid": "d37fe663-bbeb-4262-9841-cb506518e57f",
      "title": "",
      "fullFile": "cypress\\e2e\\testScripts\\Verify_BackHome.cy.js",
      "file": "cypress\\e2e\\testScripts\\Verify_BackHome.cy.js",
      "beforeHooks": [],
      "afterHooks": [],
      "tests": [],
      "suites": [
        {
          "uuid": "a39c30f5-31e5-448a-85c2-78d387d21905",
          "title": "Back to HomePage",
          "fullFile": "",
          "file": "",
          "beforeHooks": [],
          "afterHooks": [],
          "tests": [
            {
              "title": "After purchasing the products, user can navigate to Homepage",
              "fullTitle": "Back to HomePage After purchasing the products, user can navigate to Homepage",
              "timedOut": null,
              "duration": 4918,
              "state": "failed",
              "speed": null,
              "pass": false,
              "fail": true,
              "pending": false,
              "context": null,
              "code": "cy.Login(this.logindata.Username, this.logindata.Password);\nproductPage.ValidateProductPage(this.productpagedata.SuccessMessage);\nproductPage.getSelectProducts(this.productpagedata.Productname);\nproductPage.getClick_CartButton();\nyourcartPage.getValidate_CheckoutPage(this.yourcartdata.YourCartLogo);\nthis.productpagedata.Productname.forEach(element => {\n  cy.validateProduct(element);\n});\nyourcartPage.getClick_CheckoutButton();\ninformationPage.getValidate_Informationpage(this.informationpagedata.OverviewMessage);\ninformationPage.getInformation(this.informationpagedata.Firstname, this.informationpagedata.Lastname, this.informationpagedata.ZipCode);\ninformationPage.getClick_Continue();\ncheckoutOverview.getValidate_CheckoutOverview();\ncheckoutOverview.getValidate_ProductQuantity(this.overviewdata.productQuantity);\ncheckoutOverview.getValidate_TotalPrice();\ncheckoutOverview.getClick_FinishButton();\nbackHome.getClick_BackHomeButton();\nbackHome.getValidate_ProductLabel(this.productpagedata.SuccessMessage);",
              "err": {
                "message": "AssertionError: Timed out retrying after 4000ms: expected '<a#logout_sidebar_link.bm-item.menu-item>' to be 'visible'\n\nThis element `<a#logout_sidebar_link.bm-item.menu-item>` is not visible because its parent `<div.bm-menu-wrap>` has CSS property: `display: none`\n\nBecause this error occurred during a `after all` hook we are skipping the remaining tests in the current suite: `Back to HomePage`",
                "estack": "AssertionError: Timed out retrying after 4000ms: expected '<a#logout_sidebar_link.bm-item.menu-item>' to be 'visible'\n\nThis element `<a#logout_sidebar_link.bm-item.menu-item>` is not visible because its parent `<div.bm-menu-wrap>` has CSS property: `display: none`\n\nBecause this error occurred during a `after all` hook we are skipping the remaining tests in the current suite: `Back to HomePage`\n    at LogoutPage.getValidate_Logout (webpack:///./cypress/Pages/LogoutPage.js:9:28)\n    at Context.eval (webpack:///./cypress/e2e/testScripts/Verify_BackHome.cy.js:56:15)",
                "diff": null
              },
              "uuid": "eee1d878-a6a6-4b29-9af1-bced65240f8d",
              "parentUUID": "a39c30f5-31e5-448a-85c2-78d387d21905",
              "isHook": false,
              "skipped": false
            }
          ],
          "suites": [],
          "passes": [],
          "failures": [
            "eee1d878-a6a6-4b29-9af1-bced65240f8d"
          ],
          "pending": [],
          "skipped": [],
          "duration": 4918,
          "root": false,
          "rootEmpty": false,
          "_timeout": 2000
        }
      ],
      "passes": [],
      "failures": [],
      "pending": [],
      "skipped": [],
      "duration": 0,
      "root": true,
      "rootEmpty": true,
      "_timeout": 2000
    }
  ],
  "meta": {
    "mocha": {
      "version": "7.0.1"
    },
    "mochawesome": {
      "options": {
        "quiet": false,
        "reportFilename": "mochawesome",
        "saveHtml": false,
        "saveJson": true,
        "consoleReporter": "spec",
        "useInlineDiffs": false,
        "code": true
      },
      "version": "7.1.3"
    },
    "marge": {
      "options": {
        "chats": true,
        "overwrite": false,
        "html": false,
        "json": true,
        "reportDir": "cypress/reports"
      },
      "version": "6.2.0"
    }
  }
}