{
  "stats": {
    "suites": 1,
    "tests": 1,
    "passes": 0,
    "pending": 0,
    "failures": 1,
    "start": "2023-02-16T06:18:11.257Z",
    "end": "2023-02-16T06:18:24.360Z",
    "duration": 13103,
    "testsRegistered": 1,
    "passPercent": 0,
    "pendingPercent": 0,
    "other": 0,
    "hasOther": false,
    "skipped": 0,
    "hasSkipped": false
  },
  "results": [
    {
      "uuid": "0bde164f-4c1a-48bf-98ba-9741547db260",
      "title": "",
      "fullFile": "cypress\\e2e\\testScripts\\Verify_Information.cy.js",
      "file": "cypress\\e2e\\testScripts\\Verify_Information.cy.js",
      "beforeHooks": [],
      "afterHooks": [],
      "tests": [],
      "suites": [
        {
          "uuid": "bed3cd69-5dc2-4f49-a8cb-aea23bc264b7",
          "title": "Information page",
          "fullFile": "",
          "file": "",
          "beforeHooks": [],
          "afterHooks": [],
          "tests": [
            {
              "title": "Verify user can provide information in the Information page",
              "fullTitle": "Information page Verify user can provide information in the Information page",
              "timedOut": null,
              "duration": 4867,
              "state": "failed",
              "speed": null,
              "pass": false,
              "fail": true,
              "pending": false,
              "context": null,
              "code": "cy.Login(this.logindata.Username, this.logindata.Password);\nproductPage.ValidateProductPage(this.productpagedata.SuccessMessage);\nproductPage.getSelectProducts(this.productpagedata.Productname);\nproductPage.getClick_CartButton();\nyourcartPage.getValidate_CheckoutPage(this.yourcartdata.YourCartLogo);\nthis.productpagedata.Productname.forEach(element => {\n  cy.validateProduct(element);\n});\nyourcartPage.getClick_CheckoutButton();\ninformationPage.getValidate_Informationpage(this.informationpagedata.OverviewMessage);\ninformationPage.getInformation(this.informationpagedata.Firstname, this.informationpagedata.Lastname, this.informationpagedata.ZipCode);\ninformationPage.getClick_Continue();",
              "err": {
                "message": "AssertionError: Timed out retrying after 4000ms: Expected to find element: `#logout_sidebar_link:visible`, but never found it.\n\nBecause this error occurred during a `after all` hook we are skipping the remaining tests in the current suite: `Information page`",
                "estack": "AssertionError: Timed out retrying after 4000ms: Expected to find element: `#logout_sidebar_link:visible`, but never found it.\n\nBecause this error occurred during a `after all` hook we are skipping the remaining tests in the current suite: `Information page`\n    at LogoutPage.getValidate_Logout (webpack:///./cypress/Pages/LogoutPage.js:9:28)\n    at Context.eval (webpack:///./cypress/e2e/testScripts/Verify_Information.cy.js:42:15)",
                "diff": null
              },
              "uuid": "138e5fc1-1834-48a0-b2eb-35740b4558ef",
              "parentUUID": "bed3cd69-5dc2-4f49-a8cb-aea23bc264b7",
              "isHook": false,
              "skipped": false
            }
          ],
          "suites": [],
          "passes": [],
          "failures": [
            "138e5fc1-1834-48a0-b2eb-35740b4558ef"
          ],
          "pending": [],
          "skipped": [],
          "duration": 4867,
          "root": false,
          "rootEmpty": false,
          "_timeout": 2000
        }
      ],
      "passes": [],
      "failures": [],
      "pending": [],
      "skipped": [],
      "duration": 0,
      "root": true,
      "rootEmpty": true,
      "_timeout": 2000
    }
  ],
  "meta": {
    "mocha": {
      "version": "7.0.1"
    },
    "mochawesome": {
      "options": {
        "quiet": false,
        "reportFilename": "mochawesome",
        "saveHtml": false,
        "saveJson": true,
        "consoleReporter": "spec",
        "useInlineDiffs": false,
        "code": true
      },
      "version": "7.1.3"
    },
    "marge": {
      "options": {
        "chats": true,
        "overwrite": false,
        "html": false,
        "json": true,
        "reportDir": "cypress/reports"
      },
      "version": "6.2.0"
    }
  }
}