{
  "stats": {
    "suites": 1,
    "tests": 1,
    "passes": 1,
    "pending": 0,
    "failures": 0,
    "start": "2023-02-17T07:24:32.114Z",
    "end": "2023-02-17T07:24:39.200Z",
    "duration": 7086,
    "testsRegistered": 1,
    "passPercent": 100,
    "pendingPercent": 0,
    "other": 0,
    "hasOther": false,
    "skipped": 0,
    "hasSkipped": false
  },
  "results": [
    {
      "uuid": "f28d1a38-191a-4156-bb4b-f25a07c4703e",
      "title": "",
      "fullFile": "cypress\\e2e\\testScripts\\Verify_Completepage.cy.js",
      "file": "cypress\\e2e\\testScripts\\Verify_Completepage.cy.js",
      "beforeHooks": [],
      "afterHooks": [],
      "tests": [],
      "suites": [
        {
          "uuid": "83f19132-f8b6-4971-8c4e-ef5d28a101d3",
          "title": "Complete Page suite",
          "fullFile": "",
          "file": "",
          "beforeHooks": [],
          "afterHooks": [],
          "tests": [
            {
              "title": "validating Thanks message",
              "fullTitle": "Complete Page suite validating Thanks message",
              "timedOut": null,
              "duration": 4491,
              "state": "passed",
              "speed": "fast",
              "pass": true,
              "fail": false,
              "pending": false,
              "context": null,
              "code": "cy.Login(this.logindata.Username, this.logindata.Password);\nproductPage.getValidateProductPage(this.productpagedata.SuccessMessage);\nproductPage.getSelectProducts(this.productpagedata.Productname);\nproductPage.getClick_CartButton();\nyourcartPage.getValidate_CheckoutPage(this.yourcartdata.YourCartLogo);\nyourcartPage.getValidate_YourCartProducts(this.productpagedata.Productname);\nyourcartPage.getClick_CheckoutButton();\ninformationPage.getValidate_Informationpage(this.informationpagedata.OverviewMessage);\ninformationPage.getInformation(this.informationpagedata.Firstname, this.informationpagedata.Lastname, this.informationpagedata.ZipCode);\ninformationPage.getClick_Continue();\ncheckoutOverview.getValidate_CheckoutOverview(this.overviewdata.OverviewLabel);\ncheckoutOverview.getValidate_ProductQuantity(this.overviewdata.productQuantity);\ncheckoutOverview.getValidate_TotalPrice();\ncheckoutOverview.getClick_FinishButton();\ncompletePage.getValidate_CompleteLabel();\ncompletePage.getValidate_ThanksMessage();",
              "err": {},
              "uuid": "465563ee-cc7b-4067-8f04-1714ccd4a3a8",
              "parentUUID": "83f19132-f8b6-4971-8c4e-ef5d28a101d3",
              "isHook": false,
              "skipped": false
            }
          ],
          "suites": [],
          "passes": [
            "465563ee-cc7b-4067-8f04-1714ccd4a3a8"
          ],
          "failures": [],
          "pending": [],
          "skipped": [],
          "duration": 4491,
          "root": false,
          "rootEmpty": false,
          "_timeout": 2000
        }
      ],
      "passes": [],
      "failures": [],
      "pending": [],
      "skipped": [],
      "duration": 0,
      "root": true,
      "rootEmpty": true,
      "_timeout": 2000
    }
  ],
  "meta": {
    "mocha": {
      "version": "7.0.1"
    },
    "mochawesome": {
      "options": {
        "quiet": false,
        "reportFilename": "mochawesome",
        "saveHtml": false,
        "saveJson": true,
        "consoleReporter": "spec",
        "useInlineDiffs": false,
        "code": true
      },
      "version": "7.1.3"
    },
    "marge": {
      "options": {
        "chats": true,
        "overwrite": false,
        "html": false,
        "json": true,
        "reportDir": "cypress/reports"
      },
      "version": "6.2.0"
    }
  }
}