{
  "stats": {
    "suites": 1,
    "tests": 1,
    "passes": 1,
    "pending": 0,
    "failures": 0,
    "start": "2023-02-17T07:24:48.011Z",
    "end": "2023-02-17T07:24:54.100Z",
    "duration": 6089,
    "testsRegistered": 1,
    "passPercent": 100,
    "pendingPercent": 0,
    "other": 0,
    "hasOther": false,
    "skipped": 0,
    "hasSkipped": false
  },
  "results": [
    {
      "uuid": "0d4a3f31-93be-4e92-b72c-9f583236b95f",
      "title": "",
      "fullFile": "cypress\\e2e\\testScripts\\Verify_UserInformation.cy.js",
      "file": "cypress\\e2e\\testScripts\\Verify_UserInformation.cy.js",
      "beforeHooks": [],
      "afterHooks": [],
      "tests": [],
      "suites": [
        {
          "uuid": "35263611-da55-4b8c-a5c2-85fc3e56d08b",
          "title": "Information page suite",
          "fullFile": "",
          "file": "",
          "beforeHooks": [],
          "afterHooks": [],
          "tests": [
            {
              "title": "Verify user can provide information in the Information page",
              "fullTitle": "Information page suite Verify user can provide information in the Information page",
              "timedOut": null,
              "duration": 3757,
              "state": "passed",
              "speed": "fast",
              "pass": true,
              "fail": false,
              "pending": false,
              "context": null,
              "code": "cy.Login(this.logindata.Username, this.logindata.Password);\nproductPage.getValidateProductPage(this.productpagedata.SuccessMessage);\nproductPage.getSelectProducts(this.productpagedata.Productname);\nproductPage.getClick_CartButton();\nyourcartPage.getValidate_CheckoutPage(this.yourcartdata.YourCartLogo);\nyourcartPage.getValidate_YourCartProducts(this.productpagedata.Productname);\nyourcartPage.getClick_CheckoutButton();\ninformationPage.getValidate_Informationpage(this.informationpagedata.OverviewMessage);\ninformationPage.getInformation(this.informationpagedata.Firstname, this.informationpagedata.Lastname, this.informationpagedata.ZipCode);\ninformationPage.getClick_Continue();",
              "err": {},
              "uuid": "ed20fabf-c756-42b4-90ff-d184b70baf71",
              "parentUUID": "35263611-da55-4b8c-a5c2-85fc3e56d08b",
              "isHook": false,
              "skipped": false
            }
          ],
          "suites": [],
          "passes": [
            "ed20fabf-c756-42b4-90ff-d184b70baf71"
          ],
          "failures": [],
          "pending": [],
          "skipped": [],
          "duration": 3757,
          "root": false,
          "rootEmpty": false,
          "_timeout": 2000
        }
      ],
      "passes": [],
      "failures": [],
      "pending": [],
      "skipped": [],
      "duration": 0,
      "root": true,
      "rootEmpty": true,
      "_timeout": 2000
    }
  ],
  "meta": {
    "mocha": {
      "version": "7.0.1"
    },
    "mochawesome": {
      "options": {
        "quiet": false,
        "reportFilename": "mochawesome",
        "saveHtml": false,
        "saveJson": true,
        "consoleReporter": "spec",
        "useInlineDiffs": false,
        "code": true
      },
      "version": "7.1.3"
    },
    "marge": {
      "options": {
        "chats": true,
        "overwrite": false,
        "html": false,
        "json": true,
        "reportDir": "cypress/reports"
      },
      "version": "6.2.0"
    }
  }
}