{
  "stats": {
    "suites": 1,
    "tests": 1,
    "passes": 0,
    "pending": 0,
    "failures": 1,
    "start": "2023-02-15T15:49:32.365Z",
    "end": "2023-02-15T15:49:44.187Z",
    "duration": 11822,
    "testsRegistered": 1,
    "passPercent": 0,
    "pendingPercent": 0,
    "other": 0,
    "hasOther": false,
    "skipped": 0,
    "hasSkipped": false
  },
  "results": [
    {
      "uuid": "f26e9292-5374-479f-afa4-1c7e25885804",
      "title": "",
      "fullFile": "cypress\\e2e\\testScripts\\Verify_BackHome.cy.js",
      "file": "cypress\\e2e\\testScripts\\Verify_BackHome.cy.js",
      "beforeHooks": [],
      "afterHooks": [],
      "tests": [],
      "suites": [
        {
          "uuid": "02af8833-b395-46e6-8629-4b635febd77a",
          "title": "Back to HomePage",
          "fullFile": "",
          "file": "",
          "beforeHooks": [],
          "afterHooks": [],
          "tests": [
            {
              "title": "After purchasing the products, user can navigate to Homepage",
              "fullTitle": "Back to HomePage After purchasing the products, user can navigate to Homepage",
              "timedOut": null,
              "duration": 2603,
              "state": "failed",
              "speed": null,
              "pass": false,
              "fail": true,
              "pending": false,
              "context": null,
              "code": "const productPage = new _productPage.ProductPage();\nconst yourcartPage = new _YourCartPage.YourCartPage();\nconst informationPage = new _InformationPage.InformationPage();\nconst checkoutOverview = new _Checkout_OverviewPage.Checkout_OverviewPage();\nconst backHome = new _BackHomePage.BackHomePage();\ncy.Login(this.logindata.Username, this.logindata.Password);\nproductPage.ValidateProductPage(this.productpagedata.SuccessMessage);\nproductPage.getSelectProducts(this.productpagedata.Productname);\nproductPage.getClick_CartButton();\nyourcartPage.getValidate_CheckoutPage(this.yourcartdata.YourCartLogo);\nthis.productpagedata.Productname.forEach(element => {\n  cy.validateProduct(element);\n});\nyourcartPage.getClick_CheckoutButton();\ninformationPage.getValidate_Informationpage(this.informationpagedata.OverviewMessage);\ninformationPage.getInformation(this.informationpagedata.Firstname, this.informationpagedata.Lastname, this.informationpagedata.ZipCode);\ninformationpage.getClick_Continue();\ncheckoutOverview.getValidate_CheckoutOverview();\ncheckoutOverview.getValidate_ProductQuantity();\ncheckoutOverview.getValidate_TotalPrice();\ncheckoutOverview.getClick_FinishButton();\nbackHome.getClick_BackHomeButton();\nbackHome.getValidate_ProductLabel(this.productpagedata.SuccessMessage);",
              "err": {
                "message": "ReferenceError: informationpage is not defined",
                "estack": "ReferenceError: informationpage is not defined\n    at Context.eval (webpack:///./cypress/e2e/testScripts/Verify_BackHome.cy.js:43:8)",
                "diff": null
              },
              "uuid": "ff93674b-a17e-4976-9aba-0a580cae98e9",
              "parentUUID": "02af8833-b395-46e6-8629-4b635febd77a",
              "isHook": false,
              "skipped": false
            }
          ],
          "suites": [],
          "passes": [],
          "failures": [
            "ff93674b-a17e-4976-9aba-0a580cae98e9"
          ],
          "pending": [],
          "skipped": [],
          "duration": 2603,
          "root": false,
          "rootEmpty": false,
          "_timeout": 2000
        }
      ],
      "passes": [],
      "failures": [],
      "pending": [],
      "skipped": [],
      "duration": 0,
      "root": true,
      "rootEmpty": true,
      "_timeout": 2000
    }
  ],
  "meta": {
    "mocha": {
      "version": "7.0.1"
    },
    "mochawesome": {
      "options": {
        "quiet": false,
        "reportFilename": "mochawesome",
        "saveHtml": false,
        "saveJson": true,
        "consoleReporter": "spec",
        "useInlineDiffs": false,
        "code": true
      },
      "version": "7.1.3"
    },
    "marge": {
      "options": {
        "chats": true,
        "overwrite": false,
        "html": false,
        "json": true,
        "reportDir": "cypress/reports"
      },
      "version": "6.2.0"
    }
  }
}