{
  "stats": {
    "suites": 1,
    "tests": 1,
    "passes": 0,
    "pending": 0,
    "failures": 1,
    "start": "2023-02-16T07:04:39.418Z",
    "end": "2023-02-16T07:04:48.928Z",
    "duration": 9510,
    "testsRegistered": 1,
    "passPercent": 0,
    "pendingPercent": 0,
    "other": 1,
    "hasOther": true,
    "skipped": 0,
    "hasSkipped": false
  },
  "results": [
    {
      "uuid": "207c9ee1-c9b7-408f-b868-a2a219c96e1c",
      "title": "",
      "fullFile": "cypress\\e2e\\testScripts\\Verify_BackHome.cy.js",
      "file": "cypress\\e2e\\testScripts\\Verify_BackHome.cy.js",
      "beforeHooks": [],
      "afterHooks": [],
      "tests": [],
      "suites": [
        {
          "uuid": "916e7451-7e09-4758-8a89-d45bc3ea5dd0",
          "title": "Back to HomePage",
          "fullFile": "",
          "file": "",
          "beforeHooks": [],
          "afterHooks": [],
          "tests": [
            {
              "title": "After purchasing the products, user can navigate to Homepage",
              "fullTitle": "Back to HomePage After purchasing the products, user can navigate to Homepage",
              "timedOut": null,
              "duration": 386,
              "state": "failed",
              "speed": null,
              "pass": false,
              "fail": true,
              "pending": false,
              "context": null,
              "code": "cy.Login(this.logindata.Username, this.logindata.Password);\nproductPage.ValidateProductPage(this.productpagedata.SuccessMessage);\nproductPage.getSelectProducts(this.productpagedata.Productname);\nproductPage.getClick_CartButton();\nyourcartPage.getValidate_CheckoutPage(this.yourcartdata.YourCartLogo);\nthis.productpagedata.Productname.forEach(element => {\n  cy.validateProduct(element);\n});\nyourcartPage.getClick_CheckoutButton();\ninformationPage.getValidate_Informationpage(this.informationpagedata.OverviewMessage);\ninformationPage.getInformation(this.informationpagedata.Firstname, this.informationpagedata.Lastname, this.informationpagedata.ZipCode);\ninformationPage.getClick_Continue();\ncheckoutOverview.getValidate_CheckoutOverview();\ncheckoutOverview.getValidate_ProductQuantity(this.overviewdata.productQuantity);\ncheckoutOverview.getValidate_TotalPrice();\ncheckoutOverview.getClick_FinishButton();\nbackHome.getClick_BackHomeButton();\nbackHome.getValidate_ProductLabel(this.productpagedata.SuccessMessage);",
              "err": {
                "message": "CypressError: `cy.click()` failed because it requires a DOM element.\n\nNo elements in the current DOM matched your query:\n\n  > cy.get(#react-burger-menu-btn)\n\nBecause this error occurred during a `after all` hook we are skipping the remaining tests in the current suite: `Back to HomePage`",
                "estack": "CypressError: `cy.click()` failed because it requires a DOM element.\n\nNo elements in the current DOM matched your query:\n\n  > cy.get(#react-burger-menu-btn)\n\nBecause this error occurred during a `after all` hook we are skipping the remaining tests in the current suite: `Back to HomePage`\n    at isElement (https://www.saucedemo.com/__cypress/runner/cypress_runner.js:151942:70)\n    at validateType (https://www.saucedemo.com/__cypress/runner/cypress_runner.js:151800:14)\n    at Object.isType (https://www.saucedemo.com/__cypress/runner/cypress_runner.js:151831:7)\n    at $Cy.pushSubject (https://www.saucedemo.com/__cypress/runner/cypress_runner.js:151539:22)\n    at wrapped (https://www.saucedemo.com/__cypress/runner/cypress_runner.js:151125:19)\nFrom Your Spec Code:\n    at LogoutPage.getValidate_Logout (webpack:///./cypress/Pages/LogoutPage.js:8:33)\n    at Context.eval (webpack:///./cypress/e2e/testScripts/Verify_BackHome.cy.js:56:15)",
                "diff": null
              },
              "uuid": "09d47890-9792-486a-bf19-536fba64aec0",
              "parentUUID": "916e7451-7e09-4758-8a89-d45bc3ea5dd0",
              "isHook": false,
              "skipped": false
            }
          ],
          "suites": [],
          "passes": [],
          "failures": [
            "09d47890-9792-486a-bf19-536fba64aec0"
          ],
          "pending": [],
          "skipped": [],
          "duration": 386,
          "root": false,
          "rootEmpty": false,
          "_timeout": 2000
        }
      ],
      "passes": [],
      "failures": [],
      "pending": [],
      "skipped": [],
      "duration": 0,
      "root": true,
      "rootEmpty": true,
      "_timeout": 2000
    }
  ],
  "meta": {
    "mocha": {
      "version": "7.0.1"
    },
    "mochawesome": {
      "options": {
        "quiet": false,
        "reportFilename": "mochawesome",
        "saveHtml": false,
        "saveJson": true,
        "consoleReporter": "spec",
        "useInlineDiffs": false,
        "code": true
      },
      "version": "7.1.3"
    },
    "marge": {
      "options": {
        "chats": true,
        "overwrite": false,
        "html": false,
        "json": true,
        "reportDir": "cypress/reports"
      },
      "version": "6.2.0"
    }
  }
}