{
  "stats": {
    "suites": 1,
    "tests": 1,
    "passes": 1,
    "pending": 0,
    "failures": 0,
    "start": "2023-02-15T16:15:16.718Z",
    "end": "2023-02-15T16:15:25.801Z",
    "duration": 9083,
    "testsRegistered": 1,
    "passPercent": 100,
    "pendingPercent": 0,
    "other": 0,
    "hasOther": false,
    "skipped": 0,
    "hasSkipped": false
  },
  "results": [
    {
      "uuid": "9f534dc2-eaf9-4155-bab5-f7128b98d98f",
      "title": "",
      "fullFile": "cypress\\e2e\\testScripts\\Verify_Information.cy.js",
      "file": "cypress\\e2e\\testScripts\\Verify_Information.cy.js",
      "beforeHooks": [],
      "afterHooks": [],
      "tests": [],
      "suites": [
        {
          "uuid": "7e6226cb-6f8d-4fbf-ae01-6bc59165ef5d",
          "title": "Information page",
          "fullFile": "",
          "file": "",
          "beforeHooks": [],
          "afterHooks": [],
          "tests": [
            {
              "title": "Verify user can provide information in the Information page",
              "fullTitle": "Information page Verify user can provide information in the Information page",
              "timedOut": null,
              "duration": 6644,
              "state": "passed",
              "speed": "medium",
              "pass": true,
              "fail": false,
              "pending": false,
              "context": null,
              "code": "const productPage = new _productPage.ProductPage();\nconst yourcartPage = new _YourCartPage.YourCartPage();\nconst informationPage = new _InformationPage.InformationPage();\ncy.Login(this.logindata.Username, this.logindata.Password);\nproductPage.ValidateProductPage(this.productpagedata.SuccessMessage);\nproductPage.getSelectProducts(this.productpagedata.Productname);\nproductPage.getClick_CartButton();\nyourcartPage.getValidate_CheckoutPage(this.yourcartdata.YourCartLogo);\nthis.productpagedata.Productname.forEach(element => {\n  cy.validateProduct(element);\n});\nyourcartPage.getClick_CheckoutButton();\ninformationPage.getValidate_Informationpage(this.informationpagedata.OverviewMessage);\ninformationPage.getInformation(this.informationpagedata.Firstname, this.informationpagedata.Lastname, this.informationpagedata.ZipCode);\ninformationPage.getClick_Continue();",
              "err": {},
              "uuid": "2099c278-fe5c-4b20-b2fa-cdea4de45666",
              "parentUUID": "7e6226cb-6f8d-4fbf-ae01-6bc59165ef5d",
              "isHook": false,
              "skipped": false
            }
          ],
          "suites": [],
          "passes": [
            "2099c278-fe5c-4b20-b2fa-cdea4de45666"
          ],
          "failures": [],
          "pending": [],
          "skipped": [],
          "duration": 6644,
          "root": false,
          "rootEmpty": false,
          "_timeout": 2000
        }
      ],
      "passes": [],
      "failures": [],
      "pending": [],
      "skipped": [],
      "duration": 0,
      "root": true,
      "rootEmpty": true,
      "_timeout": 2000
    }
  ],
  "meta": {
    "mocha": {
      "version": "7.0.1"
    },
    "mochawesome": {
      "options": {
        "quiet": false,
        "reportFilename": "mochawesome",
        "saveHtml": false,
        "saveJson": true,
        "consoleReporter": "spec",
        "useInlineDiffs": false,
        "code": true
      },
      "version": "7.1.3"
    },
    "marge": {
      "options": {
        "chats": true,
        "overwrite": false,
        "html": false,
        "json": true,
        "reportDir": "cypress/reports"
      },
      "version": "6.2.0"
    }
  }
}