{
  "stats": {
    "suites": 1,
    "tests": 1,
    "passes": 1,
    "pending": 0,
    "failures": 0,
    "start": "2023-02-15T12:33:37.034Z",
    "end": "2023-02-15T12:33:42.700Z",
    "duration": 5666,
    "testsRegistered": 1,
    "passPercent": 100,
    "pendingPercent": 0,
    "other": 0,
    "hasOther": false,
    "skipped": 0,
    "hasSkipped": false
  },
  "results": [
    {
      "uuid": "bc151084-90d4-4f65-8315-8546dd52759e",
      "title": "",
      "fullFile": "cypress\\e2e\\testScripts\\Verify_SelectProduct.cy.js",
      "file": "cypress\\e2e\\testScripts\\Verify_SelectProduct.cy.js",
      "beforeHooks": [],
      "afterHooks": [],
      "tests": [],
      "suites": [
        {
          "uuid": "cc3d4bed-509c-465a-bc76-cdd3605e6dec",
          "title": "product page",
          "fullFile": "",
          "file": "",
          "beforeHooks": [],
          "afterHooks": [],
          "tests": [
            {
              "title": "Selecting multiple products",
              "fullTitle": "product page Selecting multiple products",
              "timedOut": null,
              "duration": 3766,
              "state": "passed",
              "speed": "fast",
              "pass": true,
              "fail": false,
              "pending": false,
              "context": null,
              "code": "const productpage = new _productPage.ProductPage();\ncy.Login(this.logindata.Username, this.logindata.Password);\nproductpage.ValidateProductPage(this.productpagedata.SuccessMessage);\nproductpage.getSelectProducts(this.productpagedata.Productname);\nproductpage.getClick_CartButton();",
              "err": {},
              "uuid": "19d8c200-0aa8-4423-a25c-a804eb005053",
              "parentUUID": "cc3d4bed-509c-465a-bc76-cdd3605e6dec",
              "isHook": false,
              "skipped": false
            }
          ],
          "suites": [],
          "passes": [
            "19d8c200-0aa8-4423-a25c-a804eb005053"
          ],
          "failures": [],
          "pending": [],
          "skipped": [],
          "duration": 3766,
          "root": false,
          "rootEmpty": false,
          "_timeout": 2000
        }
      ],
      "passes": [],
      "failures": [],
      "pending": [],
      "skipped": [],
      "duration": 0,
      "root": true,
      "rootEmpty": true,
      "_timeout": 2000
    }
  ],
  "meta": {
    "mocha": {
      "version": "7.0.1"
    },
    "mochawesome": {
      "options": {
        "quiet": false,
        "reportFilename": "mochawesome",
        "saveHtml": false,
        "saveJson": true,
        "consoleReporter": "spec",
        "useInlineDiffs": false,
        "code": true
      },
      "version": "7.1.3"
    },
    "marge": {
      "options": {
        "chats": true,
        "overwrite": false,
        "html": false,
        "json": true,
        "reportDir": "cypress/reports"
      },
      "version": "6.2.0"
    }
  }
}