{
  "stats": {
    "suites": 1,
    "tests": 1,
    "passes": 1,
    "pending": 0,
    "failures": 0,
    "start": "2023-02-15T15:50:31.204Z",
    "end": "2023-02-15T15:50:45.252Z",
    "duration": 14048,
    "testsRegistered": 1,
    "passPercent": 100,
    "pendingPercent": 0,
    "other": 0,
    "hasOther": false,
    "skipped": 0,
    "hasSkipped": false
  },
  "results": [
    {
      "uuid": "ac69cc73-f4e5-4697-b786-265f08020e78",
      "title": "",
      "fullFile": "cypress\\e2e\\testScripts\\Verify_Information.cy.js",
      "file": "cypress\\e2e\\testScripts\\Verify_Information.cy.js",
      "beforeHooks": [],
      "afterHooks": [],
      "tests": [],
      "suites": [
        {
          "uuid": "b946d2be-640b-48c1-80ad-9b8db7d9ff54",
          "title": "Information page",
          "fullFile": "",
          "file": "",
          "beforeHooks": [],
          "afterHooks": [],
          "tests": [
            {
              "title": "Verify user can provide information in the Information page",
              "fullTitle": "Information page Verify user can provide information in the Information page",
              "timedOut": null,
              "duration": 11142,
              "state": "passed",
              "speed": "slow",
              "pass": true,
              "fail": false,
              "pending": false,
              "context": null,
              "code": "const productPage = new _productPage.ProductPage();\nconst yourcartPage = new _YourCartPage.YourCartPage();\nconst informationPage = new _InformationPage.InformationPage();\ncy.Login(this.logindata.Username, this.logindata.Password);\nproductPage.ValidateProductPage(this.productpagedata.SuccessMessage);\nproductPage.getSelectProducts(this.productpagedata.Productname);\nproductPage.getClick_CartButton();\nyourcartPage.getValidate_CheckoutPage(this.yourcartdata.YourCartLogo);\nthis.productpagedata.Productname.forEach(element => {\n  cy.validateProduct(element);\n});\nyourcartPage.getClick_CheckoutButton();\ninformationPage.getValidate_Informationpage(this.informationpagedata.OverviewMessage);\ninformationPage.getInformation(this.informationpagedata.Firstname, this.informationpagedata.Lastname, this.informationpagedata.ZipCode);\ninformationPage.getClick_Continue();",
              "err": {},
              "uuid": "87c52667-0a4c-47dd-b491-f30a2083aae8",
              "parentUUID": "b946d2be-640b-48c1-80ad-9b8db7d9ff54",
              "isHook": false,
              "skipped": false
            }
          ],
          "suites": [],
          "passes": [
            "87c52667-0a4c-47dd-b491-f30a2083aae8"
          ],
          "failures": [],
          "pending": [],
          "skipped": [],
          "duration": 11142,
          "root": false,
          "rootEmpty": false,
          "_timeout": 2000
        }
      ],
      "passes": [],
      "failures": [],
      "pending": [],
      "skipped": [],
      "duration": 0,
      "root": true,
      "rootEmpty": true,
      "_timeout": 2000
    }
  ],
  "meta": {
    "mocha": {
      "version": "7.0.1"
    },
    "mochawesome": {
      "options": {
        "quiet": false,
        "reportFilename": "mochawesome",
        "saveHtml": false,
        "saveJson": true,
        "consoleReporter": "spec",
        "useInlineDiffs": false,
        "code": true
      },
      "version": "7.1.3"
    },
    "marge": {
      "options": {
        "chats": true,
        "overwrite": false,
        "html": false,
        "json": true,
        "reportDir": "cypress/reports"
      },
      "version": "6.2.0"
    }
  }
}