{
  "stats": {
    "suites": 1,
    "tests": 1,
    "passes": 1,
    "pending": 0,
    "failures": 0,
    "start": "2023-02-16T06:15:37.838Z",
    "end": "2023-02-16T06:15:43.460Z",
    "duration": 5622,
    "testsRegistered": 1,
    "passPercent": 100,
    "pendingPercent": 0,
    "other": 0,
    "hasOther": false,
    "skipped": 0,
    "hasSkipped": false
  },
  "results": [
    {
      "uuid": "f869f49f-1de3-4b1b-9617-6d94ac2762e8",
      "title": "",
      "fullFile": "cypress\\e2e\\testScripts\\Verify_Login.cy.js",
      "file": "cypress\\e2e\\testScripts\\Verify_Login.cy.js",
      "beforeHooks": [],
      "afterHooks": [],
      "tests": [],
      "suites": [
        {
          "uuid": "78e570d0-dacc-4c7c-b7da-6e7636233d4c",
          "title": "Login suite",
          "fullFile": "",
          "file": "",
          "beforeHooks": [],
          "afterHooks": [],
          "tests": [
            {
              "title": "verify login",
              "fullTitle": "Login suite verify login",
              "timedOut": null,
              "duration": 2126,
              "state": "passed",
              "speed": "fast",
              "pass": true,
              "fail": false,
              "pending": false,
              "context": null,
              "code": "cy.Login(this.logindata.Username, this.logindata.Password);\nproductPage.ValidateProductPage(this.logindata.SuccessMessage);",
              "err": {},
              "uuid": "99a0f712-8adb-48a7-ac0a-6d029dcf69a9",
              "parentUUID": "78e570d0-dacc-4c7c-b7da-6e7636233d4c",
              "isHook": false,
              "skipped": false
            }
          ],
          "suites": [],
          "passes": [
            "99a0f712-8adb-48a7-ac0a-6d029dcf69a9"
          ],
          "failures": [],
          "pending": [],
          "skipped": [],
          "duration": 2126,
          "root": false,
          "rootEmpty": false,
          "_timeout": 2000
        }
      ],
      "passes": [],
      "failures": [],
      "pending": [],
      "skipped": [],
      "duration": 0,
      "root": true,
      "rootEmpty": true,
      "_timeout": 2000
    }
  ],
  "meta": {
    "mocha": {
      "version": "7.0.1"
    },
    "mochawesome": {
      "options": {
        "quiet": false,
        "reportFilename": "mochawesome",
        "saveHtml": false,
        "saveJson": true,
        "consoleReporter": "spec",
        "useInlineDiffs": false,
        "code": true
      },
      "version": "7.1.3"
    },
    "marge": {
      "options": {
        "chats": true,
        "overwrite": false,
        "html": false,
        "json": true,
        "reportDir": "cypress/reports"
      },
      "version": "6.2.0"
    }
  }
}