{
  "stats": {
    "suites": 1,
    "tests": 1,
    "passes": 1,
    "pending": 0,
    "failures": 0,
    "start": "2023-02-17T06:50:29.220Z",
    "end": "2023-02-17T06:50:33.998Z",
    "duration": 4778,
    "testsRegistered": 1,
    "passPercent": 100,
    "pendingPercent": 0,
    "other": 0,
    "hasOther": false,
    "skipped": 0,
    "hasSkipped": false
  },
  "results": [
    {
      "uuid": "cec27cf8-c914-4783-a24b-bf5d66fb986d",
      "title": "",
      "fullFile": "cypress\\e2e\\testScripts\\Verify_SelectProduct.cy.js",
      "file": "cypress\\e2e\\testScripts\\Verify_SelectProduct.cy.js",
      "beforeHooks": [],
      "afterHooks": [],
      "tests": [],
      "suites": [
        {
          "uuid": "c439be74-9ed6-4d6c-8cdc-750318cb9928",
          "title": "product page suite",
          "fullFile": "",
          "file": "",
          "beforeHooks": [],
          "afterHooks": [],
          "tests": [
            {
              "title": "Selecting multiple products",
              "fullTitle": "product page suite Selecting multiple products",
              "timedOut": null,
              "duration": 2519,
              "state": "passed",
              "speed": "fast",
              "pass": true,
              "fail": false,
              "pending": false,
              "context": null,
              "code": "cy.Login(this.logindata.Username, this.logindata.Password);\nproductPage.ValidateProductPage(this.productpagedata.SuccessMessage);\nproductPage.getSelectProducts(this.productpagedata.Productname);\nproductPage.getClick_CartButton();",
              "err": {},
              "uuid": "03275e53-fb4a-42e6-ba1a-35c09f111670",
              "parentUUID": "c439be74-9ed6-4d6c-8cdc-750318cb9928",
              "isHook": false,
              "skipped": false
            }
          ],
          "suites": [],
          "passes": [
            "03275e53-fb4a-42e6-ba1a-35c09f111670"
          ],
          "failures": [],
          "pending": [],
          "skipped": [],
          "duration": 2519,
          "root": false,
          "rootEmpty": false,
          "_timeout": 2000
        }
      ],
      "passes": [],
      "failures": [],
      "pending": [],
      "skipped": [],
      "duration": 0,
      "root": true,
      "rootEmpty": true,
      "_timeout": 2000
    }
  ],
  "meta": {
    "mocha": {
      "version": "7.0.1"
    },
    "mochawesome": {
      "options": {
        "quiet": false,
        "reportFilename": "mochawesome",
        "saveHtml": false,
        "saveJson": true,
        "consoleReporter": "spec",
        "useInlineDiffs": false,
        "code": true
      },
      "version": "7.1.3"
    },
    "marge": {
      "options": {
        "chats": true,
        "overwrite": false,
        "html": false,
        "json": true,
        "reportDir": "cypress/reports"
      },
      "version": "6.2.0"
    }
  }
}