{
  "stats": {
    "suites": 1,
    "tests": 1,
    "passes": 1,
    "pending": 0,
    "failures": 0,
    "start": "2023-02-16T07:13:50.054Z",
    "end": "2023-02-16T07:13:55.122Z",
    "duration": 5068,
    "testsRegistered": 1,
    "passPercent": 100,
    "pendingPercent": 0,
    "other": 0,
    "hasOther": false,
    "skipped": 0,
    "hasSkipped": false
  },
  "results": [
    {
      "uuid": "fd94f925-450c-4499-80a9-78b3fb71a986",
      "title": "",
      "fullFile": "cypress\\e2e\\testScripts\\Verify_Login.cy.js",
      "file": "cypress\\e2e\\testScripts\\Verify_Login.cy.js",
      "beforeHooks": [],
      "afterHooks": [],
      "tests": [],
      "suites": [
        {
          "uuid": "52443d3c-5c69-4056-b052-8beaa429cf60",
          "title": "Login suite",
          "fullFile": "",
          "file": "",
          "beforeHooks": [],
          "afterHooks": [],
          "tests": [
            {
              "title": "verify login",
              "fullTitle": "Login suite verify login",
              "timedOut": null,
              "duration": 1670,
              "state": "passed",
              "speed": "fast",
              "pass": true,
              "fail": false,
              "pending": false,
              "context": null,
              "code": "cy.Login(this.logindata.Username, this.logindata.Password);\nproductPage.ValidateProductPage(this.logindata.SuccessMessage);",
              "err": {},
              "uuid": "d9faf4fe-b476-4bd1-94c5-63d961ef66c9",
              "parentUUID": "52443d3c-5c69-4056-b052-8beaa429cf60",
              "isHook": false,
              "skipped": false
            }
          ],
          "suites": [],
          "passes": [
            "d9faf4fe-b476-4bd1-94c5-63d961ef66c9"
          ],
          "failures": [],
          "pending": [],
          "skipped": [],
          "duration": 1670,
          "root": false,
          "rootEmpty": false,
          "_timeout": 2000
        }
      ],
      "passes": [],
      "failures": [],
      "pending": [],
      "skipped": [],
      "duration": 0,
      "root": true,
      "rootEmpty": true,
      "_timeout": 2000
    }
  ],
  "meta": {
    "mocha": {
      "version": "7.0.1"
    },
    "mochawesome": {
      "options": {
        "quiet": false,
        "reportFilename": "mochawesome",
        "saveHtml": false,
        "saveJson": true,
        "consoleReporter": "spec",
        "useInlineDiffs": false,
        "code": true
      },
      "version": "7.1.3"
    },
    "marge": {
      "options": {
        "chats": true,
        "overwrite": false,
        "html": false,
        "json": true,
        "reportDir": "cypress/reports"
      },
      "version": "6.2.0"
    }
  }
}